<?xml version="1.0" encoding="UTF-8"?>
<!-- Generated by org.testng.reporters.JUnitReportReporter -->
<testsuite skipped="0" hostname="DESKTOP-V6FI1MO" name="com.flexon.testng.BasicAnnotationIntestNG" tests="2" failures="0" timestamp="11 Apr 2019 21:43:55 GMT" time="0.010" errors="0">
  <testcase name="testFive" time="0.006" classname="com.flexon.testng.BasicAnnotationIntestNG"/>
  <testcase name="testFour" time="0.004" classname="com.flexon.testng.BasicAnnotationIntestNG"/>
</testsuite> <!-- com.flexon.testng.BasicAnnotationIntestNG -->
