<?xml version="1.0" encoding="UTF-8"?>
<!-- Generated by org.testng.reporters.JUnitReportReporter -->
<testsuite skipped="0" hostname="DESKTOP-V6FI1MO" name="com.flexon.logger.LoggerTest" tests="1" failures="0" timestamp="11 Apr 2019 19:22:31 GMT" time="0.009" errors="0">
  <testcase name="testLogger" time="0.009" classname="com.flexon.logger.LoggerTest"/>
</testsuite> <!-- com.flexon.logger.LoggerTest -->
